2263
foot_survey_us
feet
3857
m
meters
3857
m
meters
4326
°
null
2263
foot_survey_us
feet
3857
m
meters
3857
m
meters
4326
°
null
2263
foot_survey_us
feet
3857
m
meters
3857
m
meters
4326
°
null
2263
foot_survey_us
feet
3857
m
meters
3857
m
meters
4326
°
null
2263
foot_survey_us
feet
3857
m
meters
3857
m
meters
4326
°
null
2263
foot_survey_us
feet
3857
m
meters
3857
m
meters
4326
°
null
2263
foot_survey_us
feet
2263
foot_survey_us
feet
3857
m
meters
3857
m
meters
4326
°
null
2263
foot_survey_us
feet
2263
foot_survey_us
feet
3857
m
meters
3857
m
meters
4326
°
null
2263
foot_survey_us
feet
2263
foot_survey_us
feet
3857
m
meters
3857
m
meters
4326
°
null
2263
foot_survey_us
feet
2263
foot_survey_us
feet
3857
m
meters
3857
m
meters
4326
°
null
2263
foot_survey_us
feet
